<?xml version="1.0" encoding="UTF-8"?>
<testng-results skipped="3" failed="0" total="3" passed="0">
  <reporter-output>
  </reporter-output>
  <suite name="Default suite" duration-ms="158" started-at="2020-11-30T17:34:45Z" finished-at="2020-11-30T17:34:45Z">
    <groups>
    </groups>
    <test name="Default test" duration-ms="158" started-at="2020-11-30T17:34:45Z" finished-at="2020-11-30T17:34:45Z">
      <class name="selenium.Topic_01_CheckEnvironment">
        <test-method status="FAIL" signature="beforeClass()[pri:0, instance:selenium.Topic_01_CheckEnvironment@6a024a67]" name="beforeClass" is-config="true" duration-ms="0" started-at="2020-12-01T00:34:45Z" finished-at="2020-12-01T00:34:45Z">
          <exception class="java.lang.IllegalStateException">
            <message>
              <![CDATA[The path to the driver executable must be set by the webdriver.chrome.driver system property; for more information, see https://github.com/SeleniumHQ/selenium/wiki/ChromeDriver. The latest version can be downloaded from http://chromedriver.storage.googleapis.com/index.html]]>
            </message>
            <full-stacktrace>
              <![CDATA[java.lang.IllegalStateException: The path to the driver executable must be set by the webdriver.chrome.driver system property; for more information, see https://github.com/SeleniumHQ/selenium/wiki/ChromeDriver. The latest version can be downloaded from http://chromedriver.storage.googleapis.com/index.html
	at com.google.common.base.Preconditions.checkState(Preconditions.java:199)
	at org.openqa.selenium.remote.service.DriverService.findExecutable(DriverService.java:109)
	at org.openqa.selenium.chrome.ChromeDriverService.access$0(ChromeDriverService.java:1)
	at org.openqa.selenium.chrome.ChromeDriverService$Builder.findDefaultExecutable(ChromeDriverService.java:137)
	at org.openqa.selenium.remote.service.DriverService$Builder.build(DriverService.java:296)
	at org.openqa.selenium.chrome.ChromeDriverService.createDefaultService(ChromeDriverService.java:88)
	at org.openqa.selenium.chrome.ChromeDriver.<init>(ChromeDriver.java:116)
	at selenium.Topic_01_CheckEnvironment.beforeClass(Topic_01_CheckEnvironment.java:19)
	at sun.reflect.NativeMethodAccessorImpl.invoke0(Native Method)
	at sun.reflect.NativeMethodAccessorImpl.invoke(Unknown Source)
	at sun.reflect.DelegatingMethodAccessorImpl.invoke(Unknown Source)
	at java.lang.reflect.Method.invoke(Unknown Source)
	at org.testng.internal.MethodInvocationHelper.invokeMethod(MethodInvocationHelper.java:85)
	at org.testng.internal.Invoker.invokeConfigurationMethod(Invoker.java:510)
	at org.testng.internal.Invoker.invokeConfigurations(Invoker.java:211)
	at org.testng.internal.Invoker.invokeConfigurations(Invoker.java:138)
	at org.testng.internal.TestMethodWorker.invokeBeforeClassMethods(TestMethodWorker.java:170)
	at org.testng.internal.TestMethodWorker.run(TestMethodWorker.java:104)
	at org.testng.TestRunner.privateRun(TestRunner.java:774)
	at org.testng.TestRunner.run(TestRunner.java:624)
	at org.testng.SuiteRunner.runTest(SuiteRunner.java:359)
	at org.testng.SuiteRunner.runSequentially(SuiteRunner.java:354)
	at org.testng.SuiteRunner.privateRun(SuiteRunner.java:312)
	at org.testng.SuiteRunner.run(SuiteRunner.java:261)
	at org.testng.SuiteRunnerWorker.runSuite(SuiteRunnerWorker.java:52)
	at org.testng.SuiteRunnerWorker.run(SuiteRunnerWorker.java:86)
	at org.testng.TestNG.runSuitesSequentially(TestNG.java:1215)
	at org.testng.TestNG.runSuitesLocally(TestNG.java:1140)
	at org.testng.TestNG.run(TestNG.java:1048)
	at org.testng.remote.AbstractRemoteTestNG.run(AbstractRemoteTestNG.java:115)
	at org.testng.remote.RemoteTestNG.initAndRun(RemoteTestNG.java:251)
	at org.testng.remote.RemoteTestNG.main(RemoteTestNG.java:77)
]]>
            </full-stacktrace>
          </exception> <!-- java.lang.IllegalStateException -->
          <reporter-output>
          </reporter-output>
        </test-method> <!-- beforeClass -->
        <test-method status="SKIP" signature="TC_01_with_Empty_Username_Password()[pri:0, instance:selenium.Topic_01_CheckEnvironment@6a024a67]" name="TC_01_with_Empty_Username_Password" duration-ms="7" started-at="2020-12-01T00:34:45Z" finished-at="2020-12-01T00:34:45Z">
          <reporter-output>
          </reporter-output>
        </test-method> <!-- TC_01_with_Empty_Username_Password -->
        <test-method status="SKIP" signature="TC_02_with_Invalid_Email()[pri:0, instance:selenium.Topic_01_CheckEnvironment@6a024a67]" name="TC_02_with_Invalid_Email" duration-ms="16" started-at="2020-12-01T00:34:45Z" finished-at="2020-12-01T00:34:45Z">
          <reporter-output>
          </reporter-output>
        </test-method> <!-- TC_02_with_Invalid_Email -->
        <test-method status="SKIP" signature="TC_03_withPassInvalid()[pri:0, instance:selenium.Topic_01_CheckEnvironment@6a024a67]" name="TC_03_withPassInvalid" duration-ms="1" started-at="2020-12-01T00:34:45Z" finished-at="2020-12-01T00:34:45Z">
          <reporter-output>
          </reporter-output>
        </test-method> <!-- TC_03_withPassInvalid -->
        <test-method status="SKIP" signature="afterClass()[pri:0, instance:selenium.Topic_01_CheckEnvironment@6a024a67]" name="afterClass" is-config="true" duration-ms="0" started-at="2020-12-01T00:34:45Z" finished-at="2020-12-01T00:34:45Z">
          <reporter-output>
          </reporter-output>
        </test-method> <!-- afterClass -->
      </class> <!-- selenium.Topic_01_CheckEnvironment -->
    </test> <!-- Default test -->
  </suite> <!-- Default suite -->
</testng-results>
