<?xml version="1.0" encoding="UTF-8"?>
<testng-results skipped="0" failed="0" total="3" passed="3">
  <reporter-output>
  </reporter-output>
  <suite name="Default suite" duration-ms="15122" started-at="2020-11-18T14:04:28Z" finished-at="2020-11-18T14:04:43Z">
    <groups>
    </groups>
    <test name="Default test" duration-ms="15122" started-at="2020-11-18T14:04:28Z" finished-at="2020-11-18T14:04:43Z">
      <class name="selenium.Topic_01_CheckEnvironment">
        <test-method status="PASS" signature="beforeClass()[pri:0, instance:selenium.Topic_01_CheckEnvironment@6a024a67]" name="beforeClass" is-config="true" duration-ms="13444" started-at="2020-11-18T21:04:28Z" finished-at="2020-11-18T21:04:42Z">
          <reporter-output>
          </reporter-output>
        </test-method> <!-- beforeClass -->
        <test-method status="PASS" signature="TC_01_ValidateCurrentUrl()[pri:0, instance:selenium.Topic_01_CheckEnvironment@6a024a67]" name="TC_01_ValidateCurrentUrl" duration-ms="32" started-at="2020-11-18T21:04:42Z" finished-at="2020-11-18T21:04:42Z">
          <reporter-output>
          </reporter-output>
        </test-method> <!-- TC_01_ValidateCurrentUrl -->
        <test-method status="PASS" signature="TC_02_ValidatePageTitle()[pri:0, instance:selenium.Topic_01_CheckEnvironment@6a024a67]" name="TC_02_ValidatePageTitle" duration-ms="23" started-at="2020-11-18T21:04:42Z" finished-at="2020-11-18T21:04:42Z">
          <reporter-output>
          </reporter-output>
        </test-method> <!-- TC_02_ValidatePageTitle -->
        <test-method status="PASS" signature="TC_03_LoginFormDisplayed()[pri:0, instance:selenium.Topic_01_CheckEnvironment@6a024a67]" name="TC_03_LoginFormDisplayed" duration-ms="142" started-at="2020-11-18T21:04:42Z" finished-at="2020-11-18T21:04:42Z">
          <reporter-output>
          </reporter-output>
        </test-method> <!-- TC_03_LoginFormDisplayed -->
        <test-method status="PASS" signature="afterClass()[pri:0, instance:selenium.Topic_01_CheckEnvironment@6a024a67]" name="afterClass" is-config="true" duration-ms="1434" started-at="2020-11-18T21:04:42Z" finished-at="2020-11-18T21:04:43Z">
          <reporter-output>
          </reporter-output>
        </test-method> <!-- afterClass -->
      </class> <!-- selenium.Topic_01_CheckEnvironment -->
    </test> <!-- Default test -->
  </suite> <!-- Default suite -->
</testng-results>
